<?xml version="1.0" encoding="UTF-8"?>
<testng-results ignored="0" total="1" passed="1" failed="0" skipped="0">
  <reporter-output>
    <line>
      <![CDATA[Step Description--> <B><u>StepNumber-</u>1<i><Font Color = /'#00008B/'> Executing : CreateSpiritLogin </Font></i></B>]]>
    </line>
    <line>
      <![CDATA[Step Description-->  Entering Userid as anmolmishra0304@gmail.com]]>
    </line>
    <line>
      <![CDATA[Step Description-->  Entering Password as steveJOBS@123]]>
    </line>
    <line>
      <![CDATA[Step Description--> Click on Submit]]>
    </line>
  </reporter-output>
  <suite started-at="2020-08-13T16:51:28Z" name="SpiritZone" finished-at="2020-08-13T16:52:06Z" duration-ms="37980">
    <groups>
    </groups>
    <test started-at="2020-08-13T16:51:28Z" name="Spirit_Login_0001" finished-at="2020-08-13T16:52:06Z" duration-ms="37980">
      <class name="com.spiritzone.AutomationDriverScript">
        <test-method signature="scriptExecutioner(java.lang.String, java.lang.String, java.lang.String, java.lang.String)[pri:0, instance:com.spiritzone.AutomationDriverScript@6cc4cdb9]" started-at="2020-08-13T16:51:28Z" name="scriptExecutioner" finished-at="2020-08-13T16:52:05Z" duration-ms="36533" status="PASS">
          <params>
            <param index="0">
              <value>
                <![CDATA[Spirit_Login_0001]]>
              </value>
            </param>
            <param index="1">
              <value>
                <![CDATA[CreateSpiritLogin]]>
              </value>
            </param>
            <param index="2">
              <value>
                <![CDATA[Anmol]]>
              </value>
            </param>
            <param index="3">
              <value>
                <![CDATA[To verify whether system is allowing the user to Login With Valid Credentials provided]]>
              </value>
            </param>
          </params>
          <reporter-output>
            <line>
              <![CDATA[Step Description--> <B><u>StepNumber-</u>1<i><Font Color = /'#00008B/'> Executing : CreateSpiritLogin </Font></i></B>]]>
            </line>
            <line>
              <![CDATA[Step Description-->  Entering Userid as anmolmishra0304@gmail.com]]>
            </line>
            <line>
              <![CDATA[Step Description-->  Entering Password as steveJOBS@123]]>
            </line>
            <line>
              <![CDATA[Step Description--> Click on Submit]]>
            </line>
          </reporter-output>
        </test-method> <!-- scriptExecutioner -->
        <test-method is-config="true" signature="quitDriver()[pri:0, instance:com.spiritzone.AutomationDriverScript@6cc4cdb9]" started-at="2020-08-13T16:52:06Z" name="quitDriver" finished-at="2020-08-13T16:52:06Z" duration-ms="503" status="PASS">
          <reporter-output>
          </reporter-output>
        </test-method> <!-- quitDriver -->
        <test-method is-config="true" signature="afterSuite()[pri:0, instance:com.spiritzone.AutomationDriverScript@6cc4cdb9]" started-at="2020-08-13T16:52:06Z" name="afterSuite" finished-at="2020-08-13T16:52:12Z" duration-ms="5243" status="PASS">
          <reporter-output>
          </reporter-output>
        </test-method> <!-- afterSuite -->
      </class> <!-- com.spiritzone.AutomationDriverScript -->
    </test> <!-- Spirit_Login_0001 -->
  </suite> <!-- SpiritZone -->
</testng-results>
