<?xml version="1.0" encoding="UTF-8"?>
<testng-results ignored="0" total="1" passed="1" failed="0" skipped="0">
  <reporter-output>
    <line>
      <![CDATA[Step Description--> <B><u>StepNumber-</u>1<i><Font Color = /'#00008B/'> Executing : CreateSpiritLogin </Font></i></B>]]>
    </line>
    <line>
      <![CDATA[Step Description-->  Entering Userid as anmolmishra0304@gmail.com]]>
    </line>
    <line>
      <![CDATA[Step Description-->  Entering Password as steveJOBS@123]]>
    </line>
    <line>
      <![CDATA[Step Description--> Click on Submit]]>
    </line>
    <line>
      <![CDATA[Step Description--> <B> Login Successful </B>]]>
    </line>
    <line>
      <![CDATA[Step Description--> <B><u>StepNumber-</u>2<i><Font Color = /'#00008B/'> Executing : CreateOrder </Font></i></B>]]>
    </line>
    <line>
      <![CDATA[Step Description--> <B>Traversed TO Home Page to Perform Liquor Category Updates </B>]]>
    </line>
    <line>
      <![CDATA[Step Description--> Click on Beer ]]>
    </line>
    <line>
      <![CDATA[Step Description--> Applied HIGH TO LOW Filter]]>
    </line>
    <line>
      <![CDATA[Step Description--> Click on First Product]]>
    </line>
    <line>
      <![CDATA[Step Description--> Price of The Product is ₹ 360]]>
    </line>
    <line>
      <![CDATA[Step Description--> Name of The Product is Asahi Super Dry]]>
    </line>
    <line>
      <![CDATA[Step Description--> Availability status : CURRENTLY UNAVAILABLE]]>
    </line>
    <line>
      <![CDATA[<B>--------------------------------------------------------------</B>]]>
    </line>
    <line>
      <![CDATA[<B> Passed!!! and Clicked On NotiyMe Button as Product is Out Of Stock! </B>]]>
    </line>
    <line>
      <![CDATA[<B>--------------------------------------------------------------</B>]]>
    </line>
  </reporter-output>
  <suite started-at="2020-09-21T17:07:06Z" name="SpiritZone" finished-at="2020-09-21T17:08:24Z" duration-ms="77951">
    <groups>
    </groups>
    <test started-at="2020-09-21T17:07:06Z" name="Spirit_Category_027" finished-at="2020-09-21T17:08:24Z" duration-ms="77951">
      <class name="com.spiritzone.AutomationDriverScript">
        <test-method signature="scriptExecutioner(java.lang.String, java.lang.String, java.lang.String, java.lang.String)[pri:0, instance:com.spiritzone.AutomationDriverScript@7fb95505]" started-at="2020-09-21T17:07:06Z" name="scriptExecutioner" finished-at="2020-09-21T17:08:20Z" duration-ms="74569" status="PASS">
          <params>
            <param index="0">
              <value>
                <![CDATA[Spirit_Category_027]]>
              </value>
            </param>
            <param index="1">
              <value>
                <![CDATA[CreateOrder]]>
              </value>
            </param>
            <param index="2">
              <value>
                <![CDATA[Anmol]]>
              </value>
            </param>
            <param index="3">
              <value>
                <![CDATA[To verify if System is Allowing to select Product via Category module and add Filter (BEER) and Price High To Low to Place Order]]>
              </value>
            </param>
          </params>
          <reporter-output>
            <line>
              <![CDATA[Step Description--> <B><u>StepNumber-</u>1<i><Font Color = /'#00008B/'> Executing : CreateSpiritLogin </Font></i></B>]]>
            </line>
            <line>
              <![CDATA[Step Description-->  Entering Userid as anmolmishra0304@gmail.com]]>
            </line>
            <line>
              <![CDATA[Step Description-->  Entering Password as steveJOBS@123]]>
            </line>
            <line>
              <![CDATA[Step Description--> Click on Submit]]>
            </line>
            <line>
              <![CDATA[Step Description--> <B> Login Successful </B>]]>
            </line>
            <line>
              <![CDATA[Step Description--> <B><u>StepNumber-</u>2<i><Font Color = /'#00008B/'> Executing : CreateOrder </Font></i></B>]]>
            </line>
            <line>
              <![CDATA[Step Description--> <B>Traversed TO Home Page to Perform Liquor Category Updates </B>]]>
            </line>
            <line>
              <![CDATA[Step Description--> Click on Beer ]]>
            </line>
            <line>
              <![CDATA[Step Description--> Applied HIGH TO LOW Filter]]>
            </line>
            <line>
              <![CDATA[Step Description--> Click on First Product]]>
            </line>
            <line>
              <![CDATA[Step Description--> Price of The Product is ₹ 360]]>
            </line>
            <line>
              <![CDATA[Step Description--> Name of The Product is Asahi Super Dry]]>
            </line>
            <line>
              <![CDATA[Step Description--> Availability status : CURRENTLY UNAVAILABLE]]>
            </line>
            <line>
              <![CDATA[<B>--------------------------------------------------------------</B>]]>
            </line>
            <line>
              <![CDATA[<B> Passed!!! and Clicked On NotiyMe Button as Product is Out Of Stock! </B>]]>
            </line>
            <line>
              <![CDATA[<B>--------------------------------------------------------------</B>]]>
            </line>
          </reporter-output>
        </test-method> <!-- scriptExecutioner -->
        <test-method is-config="true" signature="quitDriver()[pri:0, instance:com.spiritzone.AutomationDriverScript@7fb95505]" started-at="2020-09-21T17:08:23Z" name="quitDriver" finished-at="2020-09-21T17:08:24Z" duration-ms="237" status="PASS">
          <reporter-output>
          </reporter-output>
        </test-method> <!-- quitDriver -->
      </class> <!-- com.spiritzone.AutomationDriverScript -->
    </test> <!-- Spirit_Category_027 -->
  </suite> <!-- SpiritZone -->
</testng-results>
