<?xml version="1.0" encoding="UTF-8"?>
<testng-results ignored="0" total="1" passed="1" failed="0" skipped="0">
  <reporter-output>
    <line>
      <![CDATA[Step Description--> <B><u>StepNumber-</u>1<i><Font Color = /'#00008B/'> Executing : CreateSpiritLogin </Font></i></B>]]>
    </line>
    <line>
      <![CDATA[Step Description-->  Entering Userid as anmolmishra0304@gmail.com]]>
    </line>
    <line>
      <![CDATA[Step Description-->  Entering Password as steveJOBS@123]]>
    </line>
    <line>
      <![CDATA[Step Description--> Click on Submit]]>
    </line>
    <line>
      <![CDATA[Step Description--> <B> Login Successful </B>]]>
    </line>
    <line>
      <![CDATA[Step Description--> <B><u>StepNumber-</u>2<i><Font Color = /'#00008B/'> Executing : CreateOrder </Font></i></B>]]>
    </line>
    <line>
      <![CDATA[Step Description--> <B>Traversed TO Home Page to Perform Liquor Category Updates </B>]]>
    </line>
    <line>
      <![CDATA[Step Description--> Click on VODKA ]]>
    </line>
    <line>
      <![CDATA[Step Description--> Click on Second Product]]>
    </line>
    <line>
      <![CDATA[Step Description--> Price of The Product is ₹ 640]]>
    </line>
    <line>
      <![CDATA[Step Description--> Name of The Product is Romanov Vodka]]>
    </line>
    <line>
      <![CDATA[Step Description--> Availability status : IN STOCK]]>
    </line>
    <line>
      <![CDATA[Step Description--> Clicked on Add to cart]]>
    </line>
    <line>
      <![CDATA[Step Description--> Traversed TO CART]]>
    </line>
    <line>
      <![CDATA[Step Description--> Permit Not Applied ]]>
    </line>
    <line>
      <![CDATA[Step Description--> One Day Permit Cost is ₹ 5]]>
    </line>
    <line>
      <![CDATA[Step Description--> Total Amount is ₹ 1,285]]>
    </line>
    <line>
      <![CDATA[Step Description--> Click on Pay On Delivery ]]>
    </line>
    <line>
      <![CDATA[Step Description--> Clicked Submit Button ]]>
    </line>
    <line>
      <![CDATA[Step Description--> Clicked on Orderstatus Button ]]>
    </line>
    <line>
      <![CDATA[Step Description--> <B> Order No. 26525</B>]]>
    </line>
    <line>
      <![CDATA[Step Description--> Traversed to Order Details]]>
    </line>
    <line>
      <![CDATA[Step Description--> Order Sucessfully Placed]]>
    </line>
  </reporter-output>
  <suite started-at="2020-09-21T09:30:00Z" name="SpiritZone" finished-at="2020-09-21T09:32:01Z" duration-ms="120582">
    <groups>
    </groups>
    <test started-at="2020-09-21T09:30:00Z" name="Spirit_Category_006" finished-at="2020-09-21T09:32:01Z" duration-ms="120582">
      <class name="com.spiritzone.AutomationDriverScript">
        <test-method signature="scriptExecutioner(java.lang.String, java.lang.String, java.lang.String, java.lang.String)[pri:0, instance:com.spiritzone.AutomationDriverScript@505a9d7c]" started-at="2020-09-21T09:30:00Z" name="scriptExecutioner" finished-at="2020-09-21T09:32:01Z" duration-ms="120182" status="PASS">
          <params>
            <param index="0">
              <value>
                <![CDATA[Spirit_Category_006]]>
              </value>
            </param>
            <param index="1">
              <value>
                <![CDATA[CreateOrder]]>
              </value>
            </param>
            <param index="2">
              <value>
                <![CDATA[Anmol]]>
              </value>
            </param>
            <param index="3">
              <value>
                <![CDATA[To verify if System is Allowing to select Product via Category module and add Filter (VODKA) to Place Order]]>
              </value>
            </param>
          </params>
          <reporter-output>
            <line>
              <![CDATA[Step Description--> <B><u>StepNumber-</u>1<i><Font Color = /'#00008B/'> Executing : CreateSpiritLogin </Font></i></B>]]>
            </line>
            <line>
              <![CDATA[Step Description-->  Entering Userid as anmolmishra0304@gmail.com]]>
            </line>
            <line>
              <![CDATA[Step Description-->  Entering Password as steveJOBS@123]]>
            </line>
            <line>
              <![CDATA[Step Description--> Click on Submit]]>
            </line>
            <line>
              <![CDATA[Step Description--> <B> Login Successful </B>]]>
            </line>
            <line>
              <![CDATA[Step Description--> <B><u>StepNumber-</u>2<i><Font Color = /'#00008B/'> Executing : CreateOrder </Font></i></B>]]>
            </line>
            <line>
              <![CDATA[Step Description--> <B>Traversed TO Home Page to Perform Liquor Category Updates </B>]]>
            </line>
            <line>
              <![CDATA[Step Description--> Click on VODKA ]]>
            </line>
            <line>
              <![CDATA[Step Description--> Click on Second Product]]>
            </line>
            <line>
              <![CDATA[Step Description--> Price of The Product is ₹ 640]]>
            </line>
            <line>
              <![CDATA[Step Description--> Name of The Product is Romanov Vodka]]>
            </line>
            <line>
              <![CDATA[Step Description--> Availability status : IN STOCK]]>
            </line>
            <line>
              <![CDATA[Step Description--> Clicked on Add to cart]]>
            </line>
            <line>
              <![CDATA[Step Description--> Traversed TO CART]]>
            </line>
            <line>
              <![CDATA[Step Description--> Permit Not Applied ]]>
            </line>
            <line>
              <![CDATA[Step Description--> One Day Permit Cost is ₹ 5]]>
            </line>
            <line>
              <![CDATA[Step Description--> Total Amount is ₹ 1,285]]>
            </line>
            <line>
              <![CDATA[Step Description--> Click on Pay On Delivery ]]>
            </line>
            <line>
              <![CDATA[Step Description--> Clicked Submit Button ]]>
            </line>
            <line>
              <![CDATA[Step Description--> Clicked on Orderstatus Button ]]>
            </line>
            <line>
              <![CDATA[Step Description--> <B> Order No. 26525</B>]]>
            </line>
            <line>
              <![CDATA[Step Description--> Traversed to Order Details]]>
            </line>
            <line>
              <![CDATA[Step Description--> Order Sucessfully Placed]]>
            </line>
          </reporter-output>
        </test-method> <!-- scriptExecutioner -->
        <test-method is-config="true" signature="quitDriver()[pri:0, instance:com.spiritzone.AutomationDriverScript@505a9d7c]" started-at="2020-09-21T09:32:01Z" name="quitDriver" finished-at="2020-09-21T09:32:01Z" duration-ms="258" status="PASS">
          <reporter-output>
          </reporter-output>
        </test-method> <!-- quitDriver -->
      </class> <!-- com.spiritzone.AutomationDriverScript -->
    </test> <!-- Spirit_Category_006 -->
  </suite> <!-- SpiritZone -->
</testng-results>
