<?xml version="1.0" encoding="UTF-8"?>
<testng-results ignored="0" total="1" passed="1" failed="0" skipped="0">
  <reporter-output>
    <line>
      <![CDATA[Step Description--> <B><u>StepNumber-</u>1<i><Font Color = /'#00008B/'> Executing : CreateSpiritLogin </Font></i></B>]]>
    </line>
    <line>
      <![CDATA[Step Description-->  Entering Userid as anmolmishra0304@gmail.com]]>
    </line>
    <line>
      <![CDATA[Step Description-->  Entering Password as steveJOBS@123]]>
    </line>
    <line>
      <![CDATA[Step Description--> Click on Submit]]>
    </line>
    <line>
      <![CDATA[Step Description--> <B> Login Successful </B>]]>
    </line>
    <line>
      <![CDATA[Step Description--> <B><u>StepNumber-</u>2<i><Font Color = /'#00008B/'> Executing : CreateOrder </Font></i></B>]]>
    </line>
    <line>
      <![CDATA[Step Description--> <B>Traversed TO Home Page to Perform Liquor Category Updates </B>]]>
    </line>
    <line>
      <![CDATA[Step Description--> Click on Beer ]]>
    </line>
    <line>
      <![CDATA[Step Description--> Applied HIGH TO LOW Filter]]>
    </line>
    <line>
      <![CDATA[Step Description--> Click on First Product]]>
    </line>
    <line>
      <![CDATA[Step Description--> Price of The Product is ₹ 360]]>
    </line>
    <line>
      <![CDATA[Step Description--> Name of The Product is Asahi Super Dry]]>
    </line>
    <line>
      <![CDATA[Step Description--> Availability status : CURRENTLY UNAVAILABLE]]>
    </line>
    <line>
      <![CDATA[<B>--------------------------------------------------------------</B>]]>
    </line>
    <line>
      <![CDATA[<B> Passed!!! and Clicked On NotiyMe Button as Product is Out Of Stock! </B>]]>
    </line>
    <line>
      <![CDATA[<B>--------------------------------------------------------------</B>]]>
    </line>
  </reporter-output>
  <suite started-at="2020-09-22T06:47:46Z" name="SpiritZone" finished-at="2020-09-22T06:48:59Z" duration-ms="73064">
    <groups>
    </groups>
    <test started-at="2020-09-22T06:47:46Z" name="Spirit_Category_027" finished-at="2020-09-22T06:48:59Z" duration-ms="73064">
      <class name="com.spiritzone.AutomationDriverScript">
        <test-method signature="scriptExecutioner(java.lang.String, java.lang.String, java.lang.String, java.lang.String)[pri:0, instance:com.spiritzone.AutomationDriverScript@82fe7f0]" started-at="2020-09-22T06:47:46Z" name="scriptExecutioner" finished-at="2020-09-22T06:48:57Z" duration-ms="70920" status="PASS">
          <params>
            <param index="0">
              <value>
                <![CDATA[Spirit_Category_027]]>
              </value>
            </param>
            <param index="1">
              <value>
                <![CDATA[CreateOrder]]>
              </value>
            </param>
            <param index="2">
              <value>
                <![CDATA[Anmol]]>
              </value>
            </param>
            <param index="3">
              <value>
                <![CDATA[To verify if System is Allowing to select Product via Category module and add Filter (BEER) and Price High To Low to Place Order]]>
              </value>
            </param>
          </params>
          <reporter-output>
            <line>
              <![CDATA[Step Description--> <B><u>StepNumber-</u>1<i><Font Color = /'#00008B/'> Executing : CreateSpiritLogin </Font></i></B>]]>
            </line>
            <line>
              <![CDATA[Step Description-->  Entering Userid as anmolmishra0304@gmail.com]]>
            </line>
            <line>
              <![CDATA[Step Description-->  Entering Password as steveJOBS@123]]>
            </line>
            <line>
              <![CDATA[Step Description--> Click on Submit]]>
            </line>
            <line>
              <![CDATA[Step Description--> <B> Login Successful </B>]]>
            </line>
            <line>
              <![CDATA[Step Description--> <B><u>StepNumber-</u>2<i><Font Color = /'#00008B/'> Executing : CreateOrder </Font></i></B>]]>
            </line>
            <line>
              <![CDATA[Step Description--> <B>Traversed TO Home Page to Perform Liquor Category Updates </B>]]>
            </line>
            <line>
              <![CDATA[Step Description--> Click on Beer ]]>
            </line>
            <line>
              <![CDATA[Step Description--> Applied HIGH TO LOW Filter]]>
            </line>
            <line>
              <![CDATA[Step Description--> Click on First Product]]>
            </line>
            <line>
              <![CDATA[Step Description--> Price of The Product is ₹ 360]]>
            </line>
            <line>
              <![CDATA[Step Description--> Name of The Product is Asahi Super Dry]]>
            </line>
            <line>
              <![CDATA[Step Description--> Availability status : CURRENTLY UNAVAILABLE]]>
            </line>
            <line>
              <![CDATA[<B>--------------------------------------------------------------</B>]]>
            </line>
            <line>
              <![CDATA[<B> Passed!!! and Clicked On NotiyMe Button as Product is Out Of Stock! </B>]]>
            </line>
            <line>
              <![CDATA[<B>--------------------------------------------------------------</B>]]>
            </line>
          </reporter-output>
        </test-method> <!-- scriptExecutioner -->
        <test-method is-config="true" signature="quitDriver()[pri:0, instance:com.spiritzone.AutomationDriverScript@82fe7f0]" started-at="2020-09-22T06:48:59Z" name="quitDriver" finished-at="2020-09-22T06:48:59Z" duration-ms="206" status="PASS">
          <reporter-output>
          </reporter-output>
        </test-method> <!-- quitDriver -->
        <test-method is-config="true" signature="afterSuite()[pri:0, instance:com.spiritzone.AutomationDriverScript@82fe7f0]" started-at="2020-09-22T06:48:59Z" name="afterSuite" finished-at="2020-09-22T06:48:59Z" duration-ms="11" status="FAIL">
          <exception class="java.lang.NullPointerException">
            <full-stacktrace>
              <![CDATA[java.lang.NullPointerException
at com.spiritzone.ZipUtils.zipIt(ZipUtils.java:42)
at com.spiritzone.AutomationDriverScript.afterSuite(AutomationDriverScript.java:98)
at java.base/jdk.internal.reflect.NativeMethodAccessorImpl.invoke0(Native Method)
at java.base/jdk.internal.reflect.NativeMethodAccessorImpl.invoke(NativeMethodAccessorImpl.java:62)
at java.base/jdk.internal.reflect.DelegatingMethodAccessorImpl.invoke(DelegatingMethodAccessorImpl.java:43)
at java.base/java.lang.reflect.Method.invoke(Method.java:567)
at org.testng.internal.MethodInvocationHelper.invokeMethod(MethodInvocationHelper.java:124)
at org.testng.internal.MethodInvocationHelper.invokeMethodConsideringTimeout(MethodInvocationHelper.java:59)
at org.testng.internal.Invoker.invokeConfigurationMethod(Invoker.java:458)
at org.testng.internal.Invoker.invokeConfigurations(Invoker.java:222)
at org.testng.internal.Invoker.invokeConfigurations(Invoker.java:142)
at org.testng.SuiteRunner.privateRun(SuiteRunner.java:425)
at org.testng.SuiteRunner.run(SuiteRunner.java:364)
at org.testng.SuiteRunnerWorker.runSuite(SuiteRunnerWorker.java:52)
at org.testng.SuiteRunnerWorker.run(SuiteRunnerWorker.java:84)
at org.testng.TestNG.runSuitesSequentially(TestNG.java:1208)
at org.testng.TestNG.runSuitesLocally(TestNG.java:1137)
at org.testng.TestNG.runSuites(TestNG.java:1049)
at org.testng.TestNG.run(TestNG.java:1017)
at com.spiritzone.Uploader.launchExecution(Uploader.java:237)
at com.TestSpiritZone.TestLauncher.main(TestLauncher.java:25)
at java.base/jdk.internal.reflect.NativeMethodAccessorImpl.invoke0(Native Method)
at java.base/jdk.internal.reflect.NativeMethodAccessorImpl.invoke(NativeMethodAccessorImpl.java:62)
at java.base/jdk.internal.reflect.DelegatingMethodAccessorImpl.invoke(DelegatingMethodAccessorImpl.java:43)
at java.base/java.lang.reflect.Method.invoke(Method.java:567)
at org.codehaus.mojo.exec.ExecJavaMojo$1.run(ExecJavaMojo.java:282)
at java.base/java.lang.Thread.run(Thread.java:830)
]]>
            </full-stacktrace>
          </exception> <!-- java.lang.NullPointerException -->
          <reporter-output>
          </reporter-output>
        </test-method> <!-- afterSuite -->
      </class> <!-- com.spiritzone.AutomationDriverScript -->
    </test> <!-- Spirit_Category_027 -->
  </suite> <!-- SpiritZone -->
</testng-results>
