<?xml version="1.0" encoding="UTF-8"?>
<testng-results ignored="0" total="2" passed="2" failed="0" skipped="0">
  <reporter-output>
    <line>
      <![CDATA[Step Description--> <B><u>StepNumber-</u>1<i><Font Color = /'#00008B/'> Executing : CreateSpiritLogin </Font></i></B>]]>
    </line>
    <line>
      <![CDATA[Step Description-->  Entering Userid as anmolmishra0304@gmail.com]]>
    </line>
    <line>
      <![CDATA[Step Description-->  Entering Password as steveJOBS@123]]>
    </line>
    <line>
      <![CDATA[Step Description--> Click on Submit]]>
    </line>
    <line>
      <![CDATA[Step Description--> <B><u>StepNumber-</u>2<i><Font Color = /'#00008B/'> Executing : CreateOrder </Font></i></B>]]>
    </line>
    <line>
      <![CDATA[Step Description--> Clicked On Brand Name ]]>
    </line>
    <line>
      <![CDATA[Step Description--> Clicked On Second Product For Popular Module]]>
    </line>
    <line>
      <![CDATA[Step Description--> Price of The Product is ₹ 1150]]>
    </line>
    <line>
      <![CDATA[Step Description--> Availability status : IN STOCK]]>
    </line>
    <line>
      <![CDATA[Step Description--> Clicked on Add to cart]]>
    </line>
    <line>
      <![CDATA[Step Description--> Traversed TO CART]]>
    </line>
    <line>
      <![CDATA[Step Description--> Permit Not Applied ]]>
    </line>
    <line>
      <![CDATA[Step Description--> Click on Pay On Order ]]>
    </line>
    <line>
      <![CDATA[Step Description--> Clicked On Submit Button]]>
    </line>
    <line>
      <![CDATA[Step Description--> Clicked On TestWallet Button]]>
    </line>
    <line>
      <![CDATA[Step Description--> Clicked On Sucess Button]]>
    </line>
    <line>
      <![CDATA[Step Description--> Clicked On Order Status Button]]>
    </line>
    <line>
      <![CDATA[Step Description--> Passed And Closing Application]]>
    </line>
    <line>
      <![CDATA[Step Description--> <B><u>StepNumber-</u>1<i><Font Color = /'#00008B/'> Executing : CreateSpiritLogin </Font></i></B>]]>
    </line>
    <line>
      <![CDATA[Step Description-->  Entering Userid as anmolmishra0304@gmail.com]]>
    </line>
    <line>
      <![CDATA[Step Description-->  Entering Password as steveJOBS@123]]>
    </line>
    <line>
      <![CDATA[Step Description--> Click on Submit]]>
    </line>
    <line>
      <![CDATA[Step Description--> <B><u>StepNumber-</u>2<i><Font Color = /'#00008B/'> Executing : CreateOrder </Font></i></B>]]>
    </line>
    <line>
      <![CDATA[Step Description--> Clicked On Brand Name ]]>
    </line>
    <line>
      <![CDATA[Step Description--> Clicked On First Product For Popular Module]]>
    </line>
    <line>
      <![CDATA[Step Description--> Price of The Product is ₹ 1170]]>
    </line>
    <line>
      <![CDATA[Step Description--> Availability status : CURRENTLY UNAVAILABLE]]>
    </line>
    <line>
      <![CDATA[Step Description--> Passed!!! and Clicked On NotiyMe Button ]]>
    </line>
  </reporter-output>
  <suite started-at="2020-08-12T18:29:52Z" name="SpiritZone" finished-at="2020-08-12T18:35:03Z" duration-ms="310627">
    <groups>
    </groups>
    <test started-at="2020-08-12T18:29:52Z" name="Spirit_Popular_026" finished-at="2020-08-12T18:33:03Z" duration-ms="191437">
      <class name="com.spiritzone.AutomationDriverScript">
        <test-method signature="scriptExecutioner(java.lang.String, java.lang.String, java.lang.String, java.lang.String)[pri:0, instance:com.spiritzone.AutomationDriverScript@15d49048]" started-at="2020-08-12T18:29:52Z" name="scriptExecutioner" finished-at="2020-08-12T18:33:01Z" duration-ms="189155" status="PASS">
          <params>
            <param index="0">
              <value>
                <![CDATA[Spirit_Popular_026]]>
              </value>
            </param>
            <param index="1">
              <value>
                <![CDATA[CreateOrder]]>
              </value>
            </param>
            <param index="2">
              <value>
                <![CDATA[Anmol]]>
              </value>
            </param>
            <param index="3">
              <value>
                <![CDATA[To verify if System is Allowing to select Product via Popular Brands for Old Monk]]>
              </value>
            </param>
          </params>
          <reporter-output>
            <line>
              <![CDATA[Step Description--> <B><u>StepNumber-</u>1<i><Font Color = /'#00008B/'> Executing : CreateSpiritLogin </Font></i></B>]]>
            </line>
            <line>
              <![CDATA[Step Description-->  Entering Userid as anmolmishra0304@gmail.com]]>
            </line>
            <line>
              <![CDATA[Step Description-->  Entering Password as steveJOBS@123]]>
            </line>
            <line>
              <![CDATA[Step Description--> Click on Submit]]>
            </line>
            <line>
              <![CDATA[Step Description--> <B><u>StepNumber-</u>2<i><Font Color = /'#00008B/'> Executing : CreateOrder </Font></i></B>]]>
            </line>
            <line>
              <![CDATA[Step Description--> Clicked On Brand Name ]]>
            </line>
            <line>
              <![CDATA[Step Description--> Clicked On Second Product For Popular Module]]>
            </line>
            <line>
              <![CDATA[Step Description--> Price of The Product is ₹ 1150]]>
            </line>
            <line>
              <![CDATA[Step Description--> Availability status : IN STOCK]]>
            </line>
            <line>
              <![CDATA[Step Description--> Clicked on Add to cart]]>
            </line>
            <line>
              <![CDATA[Step Description--> Traversed TO CART]]>
            </line>
            <line>
              <![CDATA[Step Description--> Permit Not Applied ]]>
            </line>
            <line>
              <![CDATA[Step Description--> Click on Pay On Order ]]>
            </line>
            <line>
              <![CDATA[Step Description--> Clicked On Submit Button]]>
            </line>
            <line>
              <![CDATA[Step Description--> Clicked On TestWallet Button]]>
            </line>
            <line>
              <![CDATA[Step Description--> Clicked On Sucess Button]]>
            </line>
            <line>
              <![CDATA[Step Description--> Clicked On Order Status Button]]>
            </line>
            <line>
              <![CDATA[Step Description--> Passed And Closing Application]]>
            </line>
          </reporter-output>
        </test-method> <!-- scriptExecutioner -->
        <test-method is-config="true" signature="quitDriver()[pri:0, instance:com.spiritzone.AutomationDriverScript@15d49048]" started-at="2020-08-12T18:33:03Z" name="quitDriver" finished-at="2020-08-12T18:33:03Z" duration-ms="716" status="PASS">
          <reporter-output>
          </reporter-output>
        </test-method> <!-- quitDriver -->
      </class> <!-- com.spiritzone.AutomationDriverScript -->
    </test> <!-- Spirit_Popular_026 -->
    <test started-at="2020-08-12T18:33:03Z" name="Spirit_Popular_027" finished-at="2020-08-12T18:35:03Z" duration-ms="119155">
      <class name="com.spiritzone.AutomationDriverScript">
        <test-method signature="scriptExecutioner(java.lang.String, java.lang.String, java.lang.String, java.lang.String)[pri:0, instance:com.spiritzone.AutomationDriverScript@3214ee6]" started-at="2020-08-12T18:33:03Z" name="scriptExecutioner" finished-at="2020-08-12T18:35:02Z" duration-ms="118497" status="PASS">
          <params>
            <param index="0">
              <value>
                <![CDATA[Spirit_Popular_027]]>
              </value>
            </param>
            <param index="1">
              <value>
                <![CDATA[CreateOrder]]>
              </value>
            </param>
            <param index="2">
              <value>
                <![CDATA[Anmol]]>
              </value>
            </param>
            <param index="3">
              <value>
                <![CDATA[To verify if System is Allowing to select Product via Popular Brands for Bacardi]]>
              </value>
            </param>
          </params>
          <reporter-output>
            <line>
              <![CDATA[Step Description--> <B><u>StepNumber-</u>1<i><Font Color = /'#00008B/'> Executing : CreateSpiritLogin </Font></i></B>]]>
            </line>
            <line>
              <![CDATA[Step Description-->  Entering Userid as anmolmishra0304@gmail.com]]>
            </line>
            <line>
              <![CDATA[Step Description-->  Entering Password as steveJOBS@123]]>
            </line>
            <line>
              <![CDATA[Step Description--> Click on Submit]]>
            </line>
            <line>
              <![CDATA[Step Description--> <B><u>StepNumber-</u>2<i><Font Color = /'#00008B/'> Executing : CreateOrder </Font></i></B>]]>
            </line>
            <line>
              <![CDATA[Step Description--> Clicked On Brand Name ]]>
            </line>
            <line>
              <![CDATA[Step Description--> Clicked On First Product For Popular Module]]>
            </line>
            <line>
              <![CDATA[Step Description--> Price of The Product is ₹ 1170]]>
            </line>
            <line>
              <![CDATA[Step Description--> Availability status : CURRENTLY UNAVAILABLE]]>
            </line>
            <line>
              <![CDATA[Step Description--> Passed!!! and Clicked On NotiyMe Button ]]>
            </line>
          </reporter-output>
        </test-method> <!-- scriptExecutioner -->
        <test-method is-config="true" signature="quitDriver()[pri:0, instance:com.spiritzone.AutomationDriverScript@3214ee6]" started-at="2020-08-12T18:35:02Z" name="quitDriver" finished-at="2020-08-12T18:35:03Z" duration-ms="452" status="PASS">
          <reporter-output>
          </reporter-output>
        </test-method> <!-- quitDriver -->
      </class> <!-- com.spiritzone.AutomationDriverScript -->
    </test> <!-- Spirit_Popular_027 -->
  </suite> <!-- SpiritZone -->
</testng-results>
