<?xml version="1.0" encoding="UTF-8"?>
<!-- Generated by org.testng.reporters.JUnitXMLReporter -->
<testsuite hostname="AQMs-Mac-mini.local" name="To verify successful login into application, by filling all mandatory details such as Member Id, Login Id,Password,Question and Answers from the set of 5,After successful login verify broker name and Homepage title." tests="1" failures="0" timestamp="30 Aug 2019 13:37:23 GMT" time="0.008" errors="0">
  <testcase name="scriptExecutioner" time="0.003" classname="com.aqm.AutomationDriverScript"/>
</testsuite> <!-- To verify successful login into application, by filling all mandatory details such as Member Id, Login Id,Password,Question and Answers from the set of 5,After successful login verify broker name and Homepage title. -->
